<?xml version="1.0" encoding="UTF-8"?>
<!-- Generated by org.testng.reporters.JUnitReportReporter -->
<testsuite hostname="PCIN480905" name="com.datadriven.framework.utils.TestDataProvider" tests="6" failures="0" timestamp="6 Jan 2021 13:46:33 GMT" time="0.027" errors="0">
  <testcase name="sampleTestOne" time="0.001" classname="com.datadriven.framework.utils.TestDataProvider"/>
  <testcase name="sampleTestOne" time="0.001" classname="com.datadriven.framework.utils.TestDataProvider"/>
  <testcase name="sampleTestOne" time="0.001" classname="com.datadriven.framework.utils.TestDataProvider"/>
  <testcase name="sampleTestOne" time="0.002" classname="com.datadriven.framework.utils.TestDataProvider"/>
  <testcase name="sampleTestOne" time="0.021" classname="com.datadriven.framework.utils.TestDataProvider"/>
  <testcase name="sampleTestOne" time="0.001" classname="com.datadriven.framework.utils.TestDataProvider"/>
</testsuite> <!-- com.datadriven.framework.utils.TestDataProvider -->
